<?xml version="1.0" encoding="UTF-8"?>
<!-- Generated by org.testng.reporters.JUnitReportReporter -->
<testsuite skipped="0" hostname="DESKTOP-6QB07EQ" name="com.crm.qa.testcases.LoginPageTest" tests="3" failures="0" timestamp="29 Sep 2018 12:18:23 GMT" time="66.498" errors="0">
  <testcase name="loginPageTitle" time="17.885" classname="com.crm.qa.testcases.LoginPageTest"/>
  <testcase name="crmLogoImageTest" time="24.320" classname="com.crm.qa.testcases.LoginPageTest"/>
  <testcase name="loginTest" time="24.293" classname="com.crm.qa.testcases.LoginPageTest"/>
</testsuite> <!-- com.crm.qa.testcases.LoginPageTest -->
